<?xml version="1.0" encoding="UTF-8"?>
<testsuites>
  <testsuite name="Tracksporter Test Suite" tests="2" assertions="12" failures="0" errors="0" time="1.405143">
    <testsuite name="PositionsTest" file="C:\xampp\htdocs\testmobile\tests\PositionsTest.php" tests="2" assertions="12" failures="0" errors="0" time="1.405143">
      <testcase name="testGetPositions" class="PositionsTest" file="C:\xampp\htdocs\testmobile\tests\PositionsTest.php" line="58" assertions="8" time="0.718294"/>
      <testcase name="testPostPositions" class="PositionsTest" file="C:\xampp\htdocs\testmobile\tests\PositionsTest.php" line="134" assertions="4" time="0.686849"/>
    </testsuite>
  </testsuite>
</testsuites>
